25-Nov-2018 15:16:13.144 INFO [main] org.apache.catalina.core.ApplicationContext.log ContextListener: contextInitialized()
25-Nov-2018 15:16:13.145 INFO [main] org.apache.catalina.core.ApplicationContext.log SessionListener: contextInitialized()
25-Nov-2018 15:16:13.147 INFO [main] org.apache.catalina.core.ApplicationContext.log ContextListener: attributeAdded('StockTicker', 'async.Stockticker@55fe41ea')
25-Nov-2018 15:17:30.134 INFO [main] org.apache.catalina.core.ApplicationContext.log SessionListener: contextDestroyed()
25-Nov-2018 15:17:30.135 INFO [main] org.apache.catalina.core.ApplicationContext.log ContextListener: contextDestroyed()
25-Nov-2018 15:17:53.256 INFO [main] org.apache.catalina.core.ApplicationContext.log ContextListener: contextInitialized()
25-Nov-2018 15:17:53.257 INFO [main] org.apache.catalina.core.ApplicationContext.log SessionListener: contextInitialized()
25-Nov-2018 15:17:53.259 INFO [main] org.apache.catalina.core.ApplicationContext.log ContextListener: attributeAdded('StockTicker', 'async.Stockticker@1c1bbc4e')
25-Nov-2018 15:19:15.364 INFO [main] org.apache.catalina.core.ApplicationContext.log SessionListener: contextDestroyed()
25-Nov-2018 15:19:15.365 INFO [main] org.apache.catalina.core.ApplicationContext.log ContextListener: contextDestroyed()
25-Nov-2018 15:19:26.761 INFO [main] org.apache.catalina.core.ApplicationContext.log ContextListener: contextInitialized()
25-Nov-2018 15:19:26.761 INFO [main] org.apache.catalina.core.ApplicationContext.log SessionListener: contextInitialized()
25-Nov-2018 15:19:26.763 INFO [main] org.apache.catalina.core.ApplicationContext.log ContextListener: attributeAdded('StockTicker', 'async.Stockticker@1c1bbc4e')
25-Nov-2018 15:20:29.956 INFO [http-nio-9090-exec-1] org.apache.catalina.core.ApplicationContext.log 2 Spring WebApplicationInitializers detected on classpath
25-Nov-2018 15:20:34.880 INFO [http-nio-9090-exec-1] org.apache.catalina.core.ApplicationContext.log Initializing Spring embedded WebApplicationContext
25-Nov-2018 15:20:52.101 INFO [http-nio-9090-exec-4] org.apache.catalina.core.ApplicationContext.log Initializing Spring FrameworkServlet 'dispatcherServlet'
25-Nov-2018 15:43:19.684 INFO [http-nio-9090-exec-1] org.apache.catalina.core.ApplicationContext.log Destroying Spring FrameworkServlet 'dispatcherServlet'
25-Nov-2018 15:43:19.686 INFO [http-nio-9090-exec-1] org.apache.catalina.core.ApplicationContext.log Closing Spring root WebApplicationContext
25-Nov-2018 15:44:46.289 INFO [http-nio-9090-exec-11] org.apache.catalina.core.ApplicationContext.log 2 Spring WebApplicationInitializers detected on classpath
25-Nov-2018 15:44:51.090 INFO [http-nio-9090-exec-11] org.apache.catalina.core.ApplicationContext.log Initializing Spring embedded WebApplicationContext
25-Nov-2018 15:45:17.697 INFO [http-nio-9090-exec-14] org.apache.catalina.core.ApplicationContext.log Initializing Spring FrameworkServlet 'dispatcherServlet'
